<?xml version="1.0"?>
<testsuite name="PhantomJS 2.1.1 (Linux 0.0.0)" package="" timestamp="2018-09-12T22:23:31" id="0" hostname="zan-X3V5" tests="1" errors="0" failures="0" time="0">
  <properties>
    <property name="browser.fullName" value="Mozilla/5.0 (Unknown; Linux x86_64) AppleWebKit/538.1 (KHTML, like Gecko) PhantomJS/2.1.1 Safari/538.1"/>
  </properties>
  <testcase name="Simple Test a is in fact 'Hellp World!' and b to be not null" time="0" classname="Simple Test"/>
  <system-out>
    <![CDATA[
]]>
  </system-out>
  <system-err/>
</testsuite>